Status: FAILED
Time Taken: 9497
Size: 0
Timestamp: Mon Aug 10 12:06:43 IST 2020
TestStep: DataDriven
Error:java.lang.AssertionError: Cancelling due to failed test step. Expression: (runner.status != com.eviware.soapui.model.testsuite.TestRunner$Status.FAILED)

----------------- Messages ------------------------------
java.lang.AssertionError: Cancelling due to failed test step. Expression: (runner.status != com.eviware.soapui.model.testsuite.TestRunner$Status.FAILED)
error at line: 63
